ARM GAS  C:\Users\Haruka\AppData\Local\Temp\ccxTkJ79.s 			page 1


   1              		.cpu cortex-m7
   2              		.eabi_attribute 28, 1
   3              		.eabi_attribute 20, 1
   4              		.eabi_attribute 21, 1
   5              		.eabi_attribute 23, 3
   6              		.eabi_attribute 24, 1
   7              		.eabi_attribute 25, 1
   8              		.eabi_attribute 26, 1
   9              		.eabi_attribute 30, 1
  10              		.eabi_attribute 34, 1
  11              		.eabi_attribute 18, 4
  12              		.file	"stm32f7xx_it.c"
  13              		.text
  14              	.Ltext0:
  15              		.cfi_sections	.debug_frame
  16              		.section	.text.SysTick_Handler,"ax",%progbits
  17              		.align	1
  18              		.global	SysTick_Handler
  19              		.arch armv7e-m
  20              		.syntax unified
  21              		.thumb
  22              		.thumb_func
  23              		.fpu fpv5-d16
  25              	SysTick_Handler:
  26              	.LFB141:
  27              		.file 1 "Src/stm32f7xx_it.c"
   1:Src/stm32f7xx_it.c **** /* USER CODE BEGIN Header */
   2:Src/stm32f7xx_it.c **** /**
   3:Src/stm32f7xx_it.c ****   ******************************************************************************
   4:Src/stm32f7xx_it.c ****   * @file    stm32f7xx_it.c
   5:Src/stm32f7xx_it.c ****   * @brief   Interrupt Service Routines.
   6:Src/stm32f7xx_it.c ****   ******************************************************************************
   7:Src/stm32f7xx_it.c ****   * @attention
   8:Src/stm32f7xx_it.c ****   *
   9:Src/stm32f7xx_it.c ****   * <h2><center>&copy; Copyright (c) 2020 STMicroelectronics.
  10:Src/stm32f7xx_it.c ****   * All rights reserved.</center></h2>
  11:Src/stm32f7xx_it.c ****   *
  12:Src/stm32f7xx_it.c ****   * This software component is licensed by ST under BSD 3-Clause license,
  13:Src/stm32f7xx_it.c ****   * the "License"; You may not use this file except in compliance with the
  14:Src/stm32f7xx_it.c ****   * License. You may obtain a copy of the License at:
  15:Src/stm32f7xx_it.c ****   *                        opensource.org/licenses/BSD-3-Clause
  16:Src/stm32f7xx_it.c ****   *
  17:Src/stm32f7xx_it.c ****   ******************************************************************************
  18:Src/stm32f7xx_it.c ****   */
  19:Src/stm32f7xx_it.c **** /* USER CODE END Header */
  20:Src/stm32f7xx_it.c **** 
  21:Src/stm32f7xx_it.c **** /* Includes ------------------------------------------------------------------*/
  22:Src/stm32f7xx_it.c **** #include "main.h"
  23:Src/stm32f7xx_it.c **** #include "stm32f7xx_it.h"
  24:Src/stm32f7xx_it.c **** /* Private includes ----------------------------------------------------------*/
  25:Src/stm32f7xx_it.c **** /* USER CODE BEGIN Includes */
  26:Src/stm32f7xx_it.c **** /* USER CODE END Includes */
  27:Src/stm32f7xx_it.c ****   
  28:Src/stm32f7xx_it.c **** /* Private typedef -----------------------------------------------------------*/
  29:Src/stm32f7xx_it.c **** /* USER CODE BEGIN TD */
  30:Src/stm32f7xx_it.c **** 
  31:Src/stm32f7xx_it.c **** /* USER CODE END TD */
ARM GAS  C:\Users\Haruka\AppData\Local\Temp\ccxTkJ79.s 			page 2


  32:Src/stm32f7xx_it.c **** 
  33:Src/stm32f7xx_it.c **** /* Private define ------------------------------------------------------------*/
  34:Src/stm32f7xx_it.c **** /* USER CODE BEGIN PD */
  35:Src/stm32f7xx_it.c ****  
  36:Src/stm32f7xx_it.c **** /* USER CODE END PD */
  37:Src/stm32f7xx_it.c **** 
  38:Src/stm32f7xx_it.c **** /* Private macro -------------------------------------------------------------*/
  39:Src/stm32f7xx_it.c **** /* USER CODE BEGIN PM */
  40:Src/stm32f7xx_it.c **** 
  41:Src/stm32f7xx_it.c **** /* USER CODE END PM */
  42:Src/stm32f7xx_it.c **** 
  43:Src/stm32f7xx_it.c **** /* Private variables ---------------------------------------------------------*/
  44:Src/stm32f7xx_it.c **** /* USER CODE BEGIN PV */
  45:Src/stm32f7xx_it.c ****  extern uint32_t tick;
  46:Src/stm32f7xx_it.c **** /* USER CODE END PV */
  47:Src/stm32f7xx_it.c **** 
  48:Src/stm32f7xx_it.c **** /* Private function prototypes -----------------------------------------------*/
  49:Src/stm32f7xx_it.c **** /* USER CODE BEGIN PFP */
  50:Src/stm32f7xx_it.c **** 
  51:Src/stm32f7xx_it.c **** /* USER CODE END PFP */
  52:Src/stm32f7xx_it.c **** 
  53:Src/stm32f7xx_it.c **** /* Private user code ---------------------------------------------------------*/
  54:Src/stm32f7xx_it.c **** /* USER CODE BEGIN 0 */
  55:Src/stm32f7xx_it.c **** 
  56:Src/stm32f7xx_it.c **** /* USER CODE END 0 */
  57:Src/stm32f7xx_it.c **** 
  58:Src/stm32f7xx_it.c **** /* External variables --------------------------------------------------------*/
  59:Src/stm32f7xx_it.c **** extern TIM_HandleTypeDef htim2;
  60:Src/stm32f7xx_it.c **** /* USER CODE BEGIN EV */
  61:Src/stm32f7xx_it.c **** 
  62:Src/stm32f7xx_it.c **** /* USER CODE END EV */
  63:Src/stm32f7xx_it.c **** 
  64:Src/stm32f7xx_it.c **** /******************************************************************************/
  65:Src/stm32f7xx_it.c **** /*           Cortex-M7 Processor Interruption and Exception Handlers          */ 
  66:Src/stm32f7xx_it.c **** /******************************************************************************/
  67:Src/stm32f7xx_it.c **** /**
  68:Src/stm32f7xx_it.c ****   * @brief This function handles System tick timer.
  69:Src/stm32f7xx_it.c ****   */
  70:Src/stm32f7xx_it.c **** void SysTick_Handler(void)
  71:Src/stm32f7xx_it.c **** {
  28              		.loc 1 71 1 view -0
  29              		.cfi_startproc
  30              		@ args = 0, pretend = 0, frame = 0
  31              		@ frame_needed = 0, uses_anonymous_args = 0
  32 0000 08B5     		push	{r3, lr}
  33              	.LCFI0:
  34              		.cfi_def_cfa_offset 8
  35              		.cfi_offset 3, -8
  36              		.cfi_offset 14, -4
  72:Src/stm32f7xx_it.c ****   /* USER CODE BEGIN SysTick_IRQn 0 */
  73:Src/stm32f7xx_it.c **** 
  74:Src/stm32f7xx_it.c ****   /* USER CODE END SysTick_IRQn 0 */
  75:Src/stm32f7xx_it.c ****   HAL_IncTick();
  37              		.loc 1 75 3 view .LVU1
  38 0002 FFF7FEFF 		bl	HAL_IncTick
  39              	.LVL0:
  76:Src/stm32f7xx_it.c ****   /* USER CODE BEGIN SysTick_IRQn 1 */
ARM GAS  C:\Users\Haruka\AppData\Local\Temp\ccxTkJ79.s 			page 3


  77:Src/stm32f7xx_it.c **** 
  78:Src/stm32f7xx_it.c ****   /* USER CODE END SysTick_IRQn 1 */
  79:Src/stm32f7xx_it.c **** }
  40              		.loc 1 79 1 is_stmt 0 view .LVU2
  41 0006 08BD     		pop	{r3, pc}
  42              		.cfi_endproc
  43              	.LFE141:
  45              		.section	.text.TIM2_IRQHandler,"ax",%progbits
  46              		.align	1
  47              		.global	TIM2_IRQHandler
  48              		.syntax unified
  49              		.thumb
  50              		.thumb_func
  51              		.fpu fpv5-d16
  53              	TIM2_IRQHandler:
  54              	.LFB142:
  80:Src/stm32f7xx_it.c **** 
  81:Src/stm32f7xx_it.c **** /******************************************************************************/
  82:Src/stm32f7xx_it.c **** /* STM32F7xx Peripheral Interrupt Handlers                                    */
  83:Src/stm32f7xx_it.c **** /* Add here the Interrupt Handlers for the used peripherals.                  */
  84:Src/stm32f7xx_it.c **** /* For the available peripheral interrupt handler names,                      */
  85:Src/stm32f7xx_it.c **** /* please refer to the startup file (startup_stm32f7xx.s).                    */
  86:Src/stm32f7xx_it.c **** /******************************************************************************/
  87:Src/stm32f7xx_it.c **** 
  88:Src/stm32f7xx_it.c **** /**
  89:Src/stm32f7xx_it.c ****   * @brief This function handles TIM2 global interrupt.
  90:Src/stm32f7xx_it.c ****   */
  91:Src/stm32f7xx_it.c **** void TIM2_IRQHandler(void)
  92:Src/stm32f7xx_it.c **** {
  55              		.loc 1 92 1 is_stmt 1 view -0
  56              		.cfi_startproc
  57              		@ args = 0, pretend = 0, frame = 0
  58              		@ frame_needed = 0, uses_anonymous_args = 0
  59 0000 08B5     		push	{r3, lr}
  60              	.LCFI1:
  61              		.cfi_def_cfa_offset 8
  62              		.cfi_offset 3, -8
  63              		.cfi_offset 14, -4
  93:Src/stm32f7xx_it.c ****   /* USER CODE BEGIN TIM2_IRQn 0 */
  94:Src/stm32f7xx_it.c **** 
  95:Src/stm32f7xx_it.c ****   /* USER CODE END TIM2_IRQn 0 */
  96:Src/stm32f7xx_it.c ****   HAL_TIM_IRQHandler(&htim2);
  64              		.loc 1 96 3 view .LVU4
  65 0002 0448     		ldr	r0, .L5
  66 0004 FFF7FEFF 		bl	HAL_TIM_IRQHandler
  67              	.LVL1:
  97:Src/stm32f7xx_it.c ****   /* USER CODE BEGIN TIM2_IRQn 1 */
  98:Src/stm32f7xx_it.c ****   tick++;
  68              		.loc 1 98 3 view .LVU5
  69              		.loc 1 98 7 is_stmt 0 view .LVU6
  70 0008 034A     		ldr	r2, .L5+4
  71 000a 1368     		ldr	r3, [r2]
  72 000c 0133     		adds	r3, r3, #1
  73 000e 1360     		str	r3, [r2]
  99:Src/stm32f7xx_it.c ****   /* USER CODE END TIM2_IRQn 1 */
 100:Src/stm32f7xx_it.c **** }
  74              		.loc 1 100 1 view .LVU7
ARM GAS  C:\Users\Haruka\AppData\Local\Temp\ccxTkJ79.s 			page 4


  75 0010 08BD     		pop	{r3, pc}
  76              	.L6:
  77 0012 00BF     		.align	2
  78              	.L5:
  79 0014 00000000 		.word	htim2
  80 0018 00000000 		.word	tick
  81              		.cfi_endproc
  82              	.LFE142:
  84              		.text
  85              	.Letext0:
  86              		.file 2 "c:\\vsarm\\armcc\\arm-none-eabi\\include\\machine\\_default_types.h"
  87              		.file 3 "c:\\vsarm\\armcc\\arm-none-eabi\\include\\sys\\_stdint.h"
  88              		.file 4 "Drivers/CMSIS/Include/core_cm7.h"
  89              		.file 5 "Drivers/CMSIS/Device/ST/STM32F7xx/Include/system_stm32f7xx.h"
  90              		.file 6 "Drivers/CMSIS/Device/ST/STM32F7xx/Include/stm32f767xx.h"
  91              		.file 7 "Drivers/STM32F7xx_HAL_Driver/Inc/stm32f7xx_hal_def.h"
  92              		.file 8 "Drivers/STM32F7xx_HAL_Driver/Inc/stm32f7xx_hal_dma.h"
  93              		.file 9 "Drivers/STM32F7xx_HAL_Driver/Inc/stm32f7xx_hal_tim.h"
  94              		.file 10 "Drivers/STM32F7xx_HAL_Driver/Inc/stm32f7xx_hal.h"
ARM GAS  C:\Users\Haruka\AppData\Local\Temp\ccxTkJ79.s 			page 5


DEFINED SYMBOLS
                            *ABS*:00000000 stm32f7xx_it.c
C:\Users\Haruka\AppData\Local\Temp\ccxTkJ79.s:17     .text.SysTick_Handler:00000000 $t
C:\Users\Haruka\AppData\Local\Temp\ccxTkJ79.s:25     .text.SysTick_Handler:00000000 SysTick_Handler
C:\Users\Haruka\AppData\Local\Temp\ccxTkJ79.s:46     .text.TIM2_IRQHandler:00000000 $t
C:\Users\Haruka\AppData\Local\Temp\ccxTkJ79.s:53     .text.TIM2_IRQHandler:00000000 TIM2_IRQHandler
C:\Users\Haruka\AppData\Local\Temp\ccxTkJ79.s:79     .text.TIM2_IRQHandler:00000014 $d

UNDEFINED SYMBOLS
HAL_IncTick
HAL_TIM_IRQHandler
htim2
tick
