ARM GAS  C:\Users\Haruka\AppData\Local\Temp\ccr88Jom.s 			page 1


   1              		.cpu cortex-m7
   2              		.eabi_attribute 28, 1
   3              		.eabi_attribute 20, 1
   4              		.eabi_attribute 21, 1
   5              		.eabi_attribute 23, 3
   6              		.eabi_attribute 24, 1
   7              		.eabi_attribute 25, 1
   8              		.eabi_attribute 26, 1
   9              		.eabi_attribute 30, 1
  10              		.eabi_attribute 34, 1
  11              		.eabi_attribute 18, 4
  12              		.file	"sys.c"
  13              		.text
  14              	.Ltext0:
  15              		.cfi_sections	.debug_frame
  16              		.section	.text.MX_SYS_Init,"ax",%progbits
  17              		.align	1
  18              		.global	MX_SYS_Init
  19              		.arch armv7e-m
  20              		.syntax unified
  21              		.thumb
  22              		.thumb_func
  23              		.fpu fpv5-d16
  25              	MX_SYS_Init:
  26              	.LFB141:
  27              		.file 1 "Src/sys.c"
   1:Src/sys.c     **** /**
   2:Src/sys.c     ****   ******************************************************************************
   3:Src/sys.c     ****   * File Name          : SYS.c
   4:Src/sys.c     ****   * Description        : This file provides code for the configuration
   5:Src/sys.c     ****   *                      of the SYS instances.
   6:Src/sys.c     ****   ******************************************************************************
   7:Src/sys.c     ****   * @attention
   8:Src/sys.c     ****   *
   9:Src/sys.c     ****   * <h2><center>&copy; Copyright (c) 2020 STMicroelectronics.
  10:Src/sys.c     ****   * All rights reserved.</center></h2>
  11:Src/sys.c     ****   *
  12:Src/sys.c     ****   * This software component is licensed by ST under BSD 3-Clause license,
  13:Src/sys.c     ****   * the "License"; You may not use this file except in compliance with the
  14:Src/sys.c     ****   * License. You may obtain a copy of the License at:
  15:Src/sys.c     ****   *                        opensource.org/licenses/BSD-3-Clause
  16:Src/sys.c     ****   *
  17:Src/sys.c     ****   ******************************************************************************
  18:Src/sys.c     ****   */
  19:Src/sys.c     **** 
  20:Src/sys.c     **** /* Includes ------------------------------------------------------------------*/
  21:Src/sys.c     **** #include "sys.h"
  22:Src/sys.c     **** 
  23:Src/sys.c     **** /* USER CODE BEGIN 0 */
  24:Src/sys.c     **** 
  25:Src/sys.c     **** /* USER CODE END 0 */
  26:Src/sys.c     **** 
  27:Src/sys.c     **** /* SYS init function */
  28:Src/sys.c     **** void MX_SYS_Init(void)
  29:Src/sys.c     **** {
  28              		.loc 1 29 1 view -0
  29              		.cfi_startproc
ARM GAS  C:\Users\Haruka\AppData\Local\Temp\ccr88Jom.s 			page 2


  30              		@ args = 0, pretend = 0, frame = 0
  31              		@ frame_needed = 0, uses_anonymous_args = 0
  32              		@ link register save eliminated.
  30:Src/sys.c     **** 
  31:Src/sys.c     **** }
  33              		.loc 1 31 1 view .LVU1
  34 0000 7047     		bx	lr
  35              		.cfi_endproc
  36              	.LFE141:
  38              		.text
  39              	.Letext0:
  40              		.file 2 "c:\\vsarm\\armcc\\arm-none-eabi\\include\\machine\\_default_types.h"
  41              		.file 3 "c:\\vsarm\\armcc\\arm-none-eabi\\include\\sys\\_stdint.h"
  42              		.file 4 "Drivers/CMSIS/Include/core_cm7.h"
  43              		.file 5 "Drivers/CMSIS/Device/ST/STM32F7xx/Include/system_stm32f7xx.h"
  44              		.file 6 "Drivers/STM32F7xx_HAL_Driver/Inc/stm32f7xx_hal.h"
ARM GAS  C:\Users\Haruka\AppData\Local\Temp\ccr88Jom.s 			page 3


DEFINED SYMBOLS
                            *ABS*:00000000 sys.c
C:\Users\Haruka\AppData\Local\Temp\ccr88Jom.s:17     .text.MX_SYS_Init:00000000 $t
C:\Users\Haruka\AppData\Local\Temp\ccr88Jom.s:25     .text.MX_SYS_Init:00000000 MX_SYS_Init

NO UNDEFINED SYMBOLS
