ARM GAS  C:\Users\Haruka\AppData\Local\Temp\ccT60v0S.s 			page 1


   1              		.cpu cortex-m7
   2              		.eabi_attribute 28, 1
   3              		.eabi_attribute 20, 1
   4              		.eabi_attribute 21, 1
   5              		.eabi_attribute 23, 3
   6              		.eabi_attribute 24, 1
   7              		.eabi_attribute 25, 1
   8              		.eabi_attribute 26, 1
   9              		.eabi_attribute 30, 1
  10              		.eabi_attribute 34, 1
  11              		.eabi_attribute 18, 4
  12              		.file	"tim.c"
  13              		.text
  14              	.Ltext0:
  15              		.cfi_sections	.debug_frame
  16              		.section	.text.MX_TIM1_Init,"ax",%progbits
  17              		.align	1
  18              		.global	MX_TIM1_Init
  19              		.arch armv7e-m
  20              		.syntax unified
  21              		.thumb
  22              		.thumb_func
  23              		.fpu fpv5-d16
  25              	MX_TIM1_Init:
  26              	.LFB141:
  27              		.file 1 "Src/tim.c"
   1:Src/tim.c     **** /**
   2:Src/tim.c     ****   ******************************************************************************
   3:Src/tim.c     ****   * File Name          : TIM.c
   4:Src/tim.c     ****   * Description        : This file provides code for the configuration
   5:Src/tim.c     ****   *                      of the TIM instances.
   6:Src/tim.c     ****   ******************************************************************************
   7:Src/tim.c     ****   * @attention
   8:Src/tim.c     ****   *
   9:Src/tim.c     ****   * <h2><center>&copy; Copyright (c) 2020 STMicroelectronics.
  10:Src/tim.c     ****   * All rights reserved.</center></h2>
  11:Src/tim.c     ****   *
  12:Src/tim.c     ****   * This software component is licensed by ST under BSD 3-Clause license,
  13:Src/tim.c     ****   * the "License"; You may not use this file except in compliance with the
  14:Src/tim.c     ****   * License. You may obtain a copy of the License at:
  15:Src/tim.c     ****   *                        opensource.org/licenses/BSD-3-Clause
  16:Src/tim.c     ****   *
  17:Src/tim.c     ****   ******************************************************************************
  18:Src/tim.c     ****   */
  19:Src/tim.c     **** 
  20:Src/tim.c     **** /* Includes ------------------------------------------------------------------*/
  21:Src/tim.c     **** #include "tim.h"
  22:Src/tim.c     **** 
  23:Src/tim.c     **** /* USER CODE BEGIN 0 */
  24:Src/tim.c     **** 
  25:Src/tim.c     **** /* USER CODE END 0 */
  26:Src/tim.c     **** 
  27:Src/tim.c     **** TIM_HandleTypeDef htim1;
  28:Src/tim.c     **** TIM_HandleTypeDef htim2;
  29:Src/tim.c     **** 
  30:Src/tim.c     **** /* TIM1 init function */
  31:Src/tim.c     **** void MX_TIM1_Init(void)
ARM GAS  C:\Users\Haruka\AppData\Local\Temp\ccT60v0S.s 			page 2


  32:Src/tim.c     **** {
  28              		.loc 1 32 1 view -0
  29              		.cfi_startproc
  30              		@ args = 0, pretend = 0, frame = 32
  31              		@ frame_needed = 0, uses_anonymous_args = 0
  32 0000 00B5     		push	{lr}
  33              	.LCFI0:
  34              		.cfi_def_cfa_offset 4
  35              		.cfi_offset 14, -4
  36 0002 89B0     		sub	sp, sp, #36
  37              	.LCFI1:
  38              		.cfi_def_cfa_offset 40
  33:Src/tim.c     ****   TIM_ClockConfigTypeDef sClockSourceConfig = {0};
  39              		.loc 1 33 3 view .LVU1
  40              		.loc 1 33 26 is_stmt 0 view .LVU2
  41 0004 0023     		movs	r3, #0
  42 0006 0493     		str	r3, [sp, #16]
  43 0008 0593     		str	r3, [sp, #20]
  44 000a 0693     		str	r3, [sp, #24]
  45 000c 0793     		str	r3, [sp, #28]
  34:Src/tim.c     ****   TIM_MasterConfigTypeDef sMasterConfig = {0};
  46              		.loc 1 34 3 is_stmt 1 view .LVU3
  47              		.loc 1 34 27 is_stmt 0 view .LVU4
  48 000e 0193     		str	r3, [sp, #4]
  49 0010 0293     		str	r3, [sp, #8]
  50 0012 0393     		str	r3, [sp, #12]
  35:Src/tim.c     **** 
  36:Src/tim.c     ****   htim1.Instance = TIM1;
  51              		.loc 1 36 3 is_stmt 1 view .LVU5
  52              		.loc 1 36 18 is_stmt 0 view .LVU6
  53 0014 1648     		ldr	r0, .L9
  54 0016 174A     		ldr	r2, .L9+4
  55 0018 0260     		str	r2, [r0]
  37:Src/tim.c     ****   htim1.Init.Prescaler = 10000;
  56              		.loc 1 37 3 is_stmt 1 view .LVU7
  57              		.loc 1 37 24 is_stmt 0 view .LVU8
  58 001a 42F21072 		movw	r2, #10000
  59 001e 4260     		str	r2, [r0, #4]
  38:Src/tim.c     ****   htim1.Init.CounterMode = TIM_COUNTERMODE_UP;
  60              		.loc 1 38 3 is_stmt 1 view .LVU9
  61              		.loc 1 38 26 is_stmt 0 view .LVU10
  62 0020 8360     		str	r3, [r0, #8]
  39:Src/tim.c     ****   htim1.Init.Period = 0;
  63              		.loc 1 39 3 is_stmt 1 view .LVU11
  64              		.loc 1 39 21 is_stmt 0 view .LVU12
  65 0022 C360     		str	r3, [r0, #12]
  40:Src/tim.c     ****   htim1.Init.ClockDivision = TIM_CLOCKDIVISION_DIV2;
  66              		.loc 1 40 3 is_stmt 1 view .LVU13
  67              		.loc 1 40 28 is_stmt 0 view .LVU14
  68 0024 4FF48072 		mov	r2, #256
  69 0028 0261     		str	r2, [r0, #16]
  41:Src/tim.c     ****   htim1.Init.RepetitionCounter = 0;
  70              		.loc 1 41 3 is_stmt 1 view .LVU15
  71              		.loc 1 41 32 is_stmt 0 view .LVU16
  72 002a 4361     		str	r3, [r0, #20]
  42:Src/tim.c     ****   htim1.Init.AutoReloadPreload = TIM_AUTORELOAD_PRELOAD_DISABLE;
  73              		.loc 1 42 3 is_stmt 1 view .LVU17
ARM GAS  C:\Users\Haruka\AppData\Local\Temp\ccT60v0S.s 			page 3


  74              		.loc 1 42 32 is_stmt 0 view .LVU18
  75 002c 8361     		str	r3, [r0, #24]
  43:Src/tim.c     ****   if (HAL_TIM_Base_Init(&htim1) != HAL_OK)
  76              		.loc 1 43 3 is_stmt 1 view .LVU19
  77              		.loc 1 43 7 is_stmt 0 view .LVU20
  78 002e FFF7FEFF 		bl	HAL_TIM_Base_Init
  79              	.LVL0:
  80              		.loc 1 43 6 view .LVU21
  81 0032 98B9     		cbnz	r0, .L6
  82              	.L2:
  44:Src/tim.c     ****   {
  45:Src/tim.c     ****     Error_Handler();
  46:Src/tim.c     ****   }
  47:Src/tim.c     ****   sClockSourceConfig.ClockSource = TIM_CLOCKSOURCE_INTERNAL;
  83              		.loc 1 47 3 is_stmt 1 view .LVU22
  84              		.loc 1 47 34 is_stmt 0 view .LVU23
  85 0034 4FF48053 		mov	r3, #4096
  86 0038 0493     		str	r3, [sp, #16]
  48:Src/tim.c     ****   if (HAL_TIM_ConfigClockSource(&htim1, &sClockSourceConfig) != HAL_OK)
  87              		.loc 1 48 3 is_stmt 1 view .LVU24
  88              		.loc 1 48 7 is_stmt 0 view .LVU25
  89 003a 04A9     		add	r1, sp, #16
  90 003c 0C48     		ldr	r0, .L9
  91 003e FFF7FEFF 		bl	HAL_TIM_ConfigClockSource
  92              	.LVL1:
  93              		.loc 1 48 6 view .LVU26
  94 0042 70B9     		cbnz	r0, .L7
  95              	.L3:
  49:Src/tim.c     ****   {
  50:Src/tim.c     ****     Error_Handler();
  51:Src/tim.c     ****   }
  52:Src/tim.c     ****   sMasterConfig.MasterOutputTrigger = TIM_TRGO_RESET;
  96              		.loc 1 52 3 is_stmt 1 view .LVU27
  97              		.loc 1 52 37 is_stmt 0 view .LVU28
  98 0044 0023     		movs	r3, #0
  99 0046 0193     		str	r3, [sp, #4]
  53:Src/tim.c     ****   sMasterConfig.MasterOutputTrigger2 = TIM_TRGO2_RESET;
 100              		.loc 1 53 3 is_stmt 1 view .LVU29
 101              		.loc 1 53 38 is_stmt 0 view .LVU30
 102 0048 0293     		str	r3, [sp, #8]
  54:Src/tim.c     ****   sMasterConfig.MasterSlaveMode = TIM_MASTERSLAVEMODE_DISABLE;
 103              		.loc 1 54 3 is_stmt 1 view .LVU31
 104              		.loc 1 54 33 is_stmt 0 view .LVU32
 105 004a 0393     		str	r3, [sp, #12]
  55:Src/tim.c     ****   if (HAL_TIMEx_MasterConfigSynchronization(&htim1, &sMasterConfig) != HAL_OK)
 106              		.loc 1 55 3 is_stmt 1 view .LVU33
 107              		.loc 1 55 7 is_stmt 0 view .LVU34
 108 004c 01A9     		add	r1, sp, #4
 109 004e 0848     		ldr	r0, .L9
 110 0050 FFF7FEFF 		bl	HAL_TIMEx_MasterConfigSynchronization
 111              	.LVL2:
 112              		.loc 1 55 6 view .LVU35
 113 0054 40B9     		cbnz	r0, .L8
 114              	.L1:
  56:Src/tim.c     ****   {
  57:Src/tim.c     ****     Error_Handler();
  58:Src/tim.c     ****   }
ARM GAS  C:\Users\Haruka\AppData\Local\Temp\ccT60v0S.s 			page 4


  59:Src/tim.c     **** 
  60:Src/tim.c     **** }
 115              		.loc 1 60 1 view .LVU36
 116 0056 09B0     		add	sp, sp, #36
 117              	.LCFI2:
 118              		.cfi_remember_state
 119              		.cfi_def_cfa_offset 4
 120              		@ sp needed
 121 0058 5DF804FB 		ldr	pc, [sp], #4
 122              	.L6:
 123              	.LCFI3:
 124              		.cfi_restore_state
  45:Src/tim.c     ****   }
 125              		.loc 1 45 5 is_stmt 1 view .LVU37
 126 005c FFF7FEFF 		bl	Error_Handler
 127              	.LVL3:
 128 0060 E8E7     		b	.L2
 129              	.L7:
  50:Src/tim.c     ****   }
 130              		.loc 1 50 5 view .LVU38
 131 0062 FFF7FEFF 		bl	Error_Handler
 132              	.LVL4:
 133 0066 EDE7     		b	.L3
 134              	.L8:
  57:Src/tim.c     ****   }
 135              		.loc 1 57 5 view .LVU39
 136 0068 FFF7FEFF 		bl	Error_Handler
 137              	.LVL5:
 138              		.loc 1 60 1 is_stmt 0 view .LVU40
 139 006c F3E7     		b	.L1
 140              	.L10:
 141 006e 00BF     		.align	2
 142              	.L9:
 143 0070 00000000 		.word	htim1
 144 0074 00000140 		.word	1073807360
 145              		.cfi_endproc
 146              	.LFE141:
 148              		.section	.text.MX_TIM2_Init,"ax",%progbits
 149              		.align	1
 150              		.global	MX_TIM2_Init
 151              		.syntax unified
 152              		.thumb
 153              		.thumb_func
 154              		.fpu fpv5-d16
 156              	MX_TIM2_Init:
 157              	.LFB142:
  61:Src/tim.c     **** /* TIM2 init function */
  62:Src/tim.c     **** void MX_TIM2_Init(void)
  63:Src/tim.c     **** {
 158              		.loc 1 63 1 is_stmt 1 view -0
 159              		.cfi_startproc
 160              		@ args = 0, pretend = 0, frame = 32
 161              		@ frame_needed = 0, uses_anonymous_args = 0
 162 0000 00B5     		push	{lr}
 163              	.LCFI4:
 164              		.cfi_def_cfa_offset 4
 165              		.cfi_offset 14, -4
ARM GAS  C:\Users\Haruka\AppData\Local\Temp\ccT60v0S.s 			page 5


 166 0002 89B0     		sub	sp, sp, #36
 167              	.LCFI5:
 168              		.cfi_def_cfa_offset 40
  64:Src/tim.c     ****   TIM_ClockConfigTypeDef sClockSourceConfig = {0};
 169              		.loc 1 64 3 view .LVU42
 170              		.loc 1 64 26 is_stmt 0 view .LVU43
 171 0004 0023     		movs	r3, #0
 172 0006 0493     		str	r3, [sp, #16]
 173 0008 0593     		str	r3, [sp, #20]
 174 000a 0693     		str	r3, [sp, #24]
 175 000c 0793     		str	r3, [sp, #28]
  65:Src/tim.c     ****   TIM_MasterConfigTypeDef sMasterConfig = {0};
 176              		.loc 1 65 3 is_stmt 1 view .LVU44
 177              		.loc 1 65 27 is_stmt 0 view .LVU45
 178 000e 0193     		str	r3, [sp, #4]
 179 0010 0293     		str	r3, [sp, #8]
 180 0012 0393     		str	r3, [sp, #12]
  66:Src/tim.c     **** 
  67:Src/tim.c     ****   htim2.Instance = TIM2;
 181              		.loc 1 67 3 is_stmt 1 view .LVU46
 182              		.loc 1 67 18 is_stmt 0 view .LVU47
 183 0014 1548     		ldr	r0, .L19
 184 0016 4FF08042 		mov	r2, #1073741824
 185 001a 0260     		str	r2, [r0]
  68:Src/tim.c     ****   htim2.Init.Prescaler = 108-1;
 186              		.loc 1 68 3 is_stmt 1 view .LVU48
 187              		.loc 1 68 24 is_stmt 0 view .LVU49
 188 001c 6B22     		movs	r2, #107
 189 001e 4260     		str	r2, [r0, #4]
  69:Src/tim.c     ****   htim2.Init.CounterMode = TIM_COUNTERMODE_UP;
 190              		.loc 1 69 3 is_stmt 1 view .LVU50
 191              		.loc 1 69 26 is_stmt 0 view .LVU51
 192 0020 8360     		str	r3, [r0, #8]
  70:Src/tim.c     ****   htim2.Init.Period = 1000-1;
 193              		.loc 1 70 3 is_stmt 1 view .LVU52
 194              		.loc 1 70 21 is_stmt 0 view .LVU53
 195 0022 40F2E732 		movw	r2, #999
 196 0026 C260     		str	r2, [r0, #12]
  71:Src/tim.c     ****   htim2.Init.ClockDivision = TIM_CLOCKDIVISION_DIV1;
 197              		.loc 1 71 3 is_stmt 1 view .LVU54
 198              		.loc 1 71 28 is_stmt 0 view .LVU55
 199 0028 0361     		str	r3, [r0, #16]
  72:Src/tim.c     ****   htim2.Init.AutoReloadPreload = TIM_AUTORELOAD_PRELOAD_DISABLE;
 200              		.loc 1 72 3 is_stmt 1 view .LVU56
 201              		.loc 1 72 32 is_stmt 0 view .LVU57
 202 002a 8361     		str	r3, [r0, #24]
  73:Src/tim.c     ****   if (HAL_TIM_Base_Init(&htim2) != HAL_OK)
 203              		.loc 1 73 3 is_stmt 1 view .LVU58
 204              		.loc 1 73 7 is_stmt 0 view .LVU59
 205 002c FFF7FEFF 		bl	HAL_TIM_Base_Init
 206              	.LVL6:
 207              		.loc 1 73 6 view .LVU60
 208 0030 90B9     		cbnz	r0, .L16
 209              	.L12:
  74:Src/tim.c     ****   {
  75:Src/tim.c     ****     Error_Handler();
  76:Src/tim.c     ****   }
ARM GAS  C:\Users\Haruka\AppData\Local\Temp\ccT60v0S.s 			page 6


  77:Src/tim.c     ****   sClockSourceConfig.ClockSource = TIM_CLOCKSOURCE_INTERNAL;
 210              		.loc 1 77 3 is_stmt 1 view .LVU61
 211              		.loc 1 77 34 is_stmt 0 view .LVU62
 212 0032 4FF48053 		mov	r3, #4096
 213 0036 0493     		str	r3, [sp, #16]
  78:Src/tim.c     ****   if (HAL_TIM_ConfigClockSource(&htim2, &sClockSourceConfig) != HAL_OK)
 214              		.loc 1 78 3 is_stmt 1 view .LVU63
 215              		.loc 1 78 7 is_stmt 0 view .LVU64
 216 0038 04A9     		add	r1, sp, #16
 217 003a 0C48     		ldr	r0, .L19
 218 003c FFF7FEFF 		bl	HAL_TIM_ConfigClockSource
 219              	.LVL7:
 220              		.loc 1 78 6 view .LVU65
 221 0040 68B9     		cbnz	r0, .L17
 222              	.L13:
  79:Src/tim.c     ****   {
  80:Src/tim.c     ****     Error_Handler();
  81:Src/tim.c     ****   }
  82:Src/tim.c     ****   sMasterConfig.MasterOutputTrigger = TIM_TRGO_RESET;
 223              		.loc 1 82 3 is_stmt 1 view .LVU66
 224              		.loc 1 82 37 is_stmt 0 view .LVU67
 225 0042 0023     		movs	r3, #0
 226 0044 0193     		str	r3, [sp, #4]
  83:Src/tim.c     ****   sMasterConfig.MasterSlaveMode = TIM_MASTERSLAVEMODE_DISABLE;
 227              		.loc 1 83 3 is_stmt 1 view .LVU68
 228              		.loc 1 83 33 is_stmt 0 view .LVU69
 229 0046 0393     		str	r3, [sp, #12]
  84:Src/tim.c     ****   if (HAL_TIMEx_MasterConfigSynchronization(&htim2, &sMasterConfig) != HAL_OK)
 230              		.loc 1 84 3 is_stmt 1 view .LVU70
 231              		.loc 1 84 7 is_stmt 0 view .LVU71
 232 0048 01A9     		add	r1, sp, #4
 233 004a 0848     		ldr	r0, .L19
 234 004c FFF7FEFF 		bl	HAL_TIMEx_MasterConfigSynchronization
 235              	.LVL8:
 236              		.loc 1 84 6 view .LVU72
 237 0050 40B9     		cbnz	r0, .L18
 238              	.L11:
  85:Src/tim.c     ****   {
  86:Src/tim.c     ****     Error_Handler();
  87:Src/tim.c     ****   }
  88:Src/tim.c     **** 
  89:Src/tim.c     **** }
 239              		.loc 1 89 1 view .LVU73
 240 0052 09B0     		add	sp, sp, #36
 241              	.LCFI6:
 242              		.cfi_remember_state
 243              		.cfi_def_cfa_offset 4
 244              		@ sp needed
 245 0054 5DF804FB 		ldr	pc, [sp], #4
 246              	.L16:
 247              	.LCFI7:
 248              		.cfi_restore_state
  75:Src/tim.c     ****   }
 249              		.loc 1 75 5 is_stmt 1 view .LVU74
 250 0058 FFF7FEFF 		bl	Error_Handler
 251              	.LVL9:
 252 005c E9E7     		b	.L12
ARM GAS  C:\Users\Haruka\AppData\Local\Temp\ccT60v0S.s 			page 7


 253              	.L17:
  80:Src/tim.c     ****   }
 254              		.loc 1 80 5 view .LVU75
 255 005e FFF7FEFF 		bl	Error_Handler
 256              	.LVL10:
 257 0062 EEE7     		b	.L13
 258              	.L18:
  86:Src/tim.c     ****   }
 259              		.loc 1 86 5 view .LVU76
 260 0064 FFF7FEFF 		bl	Error_Handler
 261              	.LVL11:
 262              		.loc 1 89 1 is_stmt 0 view .LVU77
 263 0068 F3E7     		b	.L11
 264              	.L20:
 265 006a 00BF     		.align	2
 266              	.L19:
 267 006c 00000000 		.word	htim2
 268              		.cfi_endproc
 269              	.LFE142:
 271              		.section	.text.HAL_TIM_Base_MspInit,"ax",%progbits
 272              		.align	1
 273              		.global	HAL_TIM_Base_MspInit
 274              		.syntax unified
 275              		.thumb
 276              		.thumb_func
 277              		.fpu fpv5-d16
 279              	HAL_TIM_Base_MspInit:
 280              	.LVL12:
 281              	.LFB143:
  90:Src/tim.c     **** 
  91:Src/tim.c     **** void HAL_TIM_Base_MspInit(TIM_HandleTypeDef* tim_baseHandle)
  92:Src/tim.c     **** {
 282              		.loc 1 92 1 is_stmt 1 view -0
 283              		.cfi_startproc
 284              		@ args = 0, pretend = 0, frame = 8
 285              		@ frame_needed = 0, uses_anonymous_args = 0
 286              		.loc 1 92 1 is_stmt 0 view .LVU79
 287 0000 00B5     		push	{lr}
 288              	.LCFI8:
 289              		.cfi_def_cfa_offset 4
 290              		.cfi_offset 14, -4
 291 0002 83B0     		sub	sp, sp, #12
 292              	.LCFI9:
 293              		.cfi_def_cfa_offset 16
  93:Src/tim.c     **** 
  94:Src/tim.c     ****   if(tim_baseHandle->Instance==TIM1)
 294              		.loc 1 94 3 is_stmt 1 view .LVU80
 295              		.loc 1 94 20 is_stmt 0 view .LVU81
 296 0004 0368     		ldr	r3, [r0]
 297              		.loc 1 94 5 view .LVU82
 298 0006 144A     		ldr	r2, .L27
 299 0008 9342     		cmp	r3, r2
 300 000a 05D0     		beq	.L25
  95:Src/tim.c     ****   {
  96:Src/tim.c     ****   /* USER CODE BEGIN TIM1_MspInit 0 */
  97:Src/tim.c     **** 
  98:Src/tim.c     ****   /* USER CODE END TIM1_MspInit 0 */
ARM GAS  C:\Users\Haruka\AppData\Local\Temp\ccT60v0S.s 			page 8


  99:Src/tim.c     ****     /* TIM1 clock enable */
 100:Src/tim.c     ****     __HAL_RCC_TIM1_CLK_ENABLE();
 101:Src/tim.c     ****   /* USER CODE BEGIN TIM1_MspInit 1 */
 102:Src/tim.c     **** 
 103:Src/tim.c     ****   /* USER CODE END TIM1_MspInit 1 */
 104:Src/tim.c     ****   }
 105:Src/tim.c     ****   else if(tim_baseHandle->Instance==TIM2)
 301              		.loc 1 105 8 is_stmt 1 view .LVU83
 302              		.loc 1 105 10 is_stmt 0 view .LVU84
 303 000c B3F1804F 		cmp	r3, #1073741824
 304 0010 0DD0     		beq	.L26
 305              	.LVL13:
 306              	.L21:
 106:Src/tim.c     ****   {
 107:Src/tim.c     ****   /* USER CODE BEGIN TIM2_MspInit 0 */
 108:Src/tim.c     **** 
 109:Src/tim.c     ****   /* USER CODE END TIM2_MspInit 0 */
 110:Src/tim.c     ****     /* TIM2 clock enable */
 111:Src/tim.c     ****     __HAL_RCC_TIM2_CLK_ENABLE();
 112:Src/tim.c     **** 
 113:Src/tim.c     ****     /* TIM2 interrupt Init */
 114:Src/tim.c     ****     HAL_NVIC_SetPriority(TIM2_IRQn, 1, 0);
 115:Src/tim.c     ****     HAL_NVIC_EnableIRQ(TIM2_IRQn);
 116:Src/tim.c     ****   /* USER CODE BEGIN TIM2_MspInit 1 */
 117:Src/tim.c     **** 
 118:Src/tim.c     ****   /* USER CODE END TIM2_MspInit 1 */
 119:Src/tim.c     ****   }
 120:Src/tim.c     **** }
 307              		.loc 1 120 1 view .LVU85
 308 0012 03B0     		add	sp, sp, #12
 309              	.LCFI10:
 310              		.cfi_remember_state
 311              		.cfi_def_cfa_offset 4
 312              		@ sp needed
 313 0014 5DF804FB 		ldr	pc, [sp], #4
 314              	.LVL14:
 315              	.L25:
 316              	.LCFI11:
 317              		.cfi_restore_state
 100:Src/tim.c     ****   /* USER CODE BEGIN TIM1_MspInit 1 */
 318              		.loc 1 100 5 is_stmt 1 view .LVU86
 319              	.LBB2:
 100:Src/tim.c     ****   /* USER CODE BEGIN TIM1_MspInit 1 */
 320              		.loc 1 100 5 view .LVU87
 100:Src/tim.c     ****   /* USER CODE BEGIN TIM1_MspInit 1 */
 321              		.loc 1 100 5 view .LVU88
 322 0018 104B     		ldr	r3, .L27+4
 323 001a 5A6C     		ldr	r2, [r3, #68]
 324 001c 42F00102 		orr	r2, r2, #1
 325 0020 5A64     		str	r2, [r3, #68]
 100:Src/tim.c     ****   /* USER CODE BEGIN TIM1_MspInit 1 */
 326              		.loc 1 100 5 view .LVU89
 327 0022 5B6C     		ldr	r3, [r3, #68]
 328 0024 03F00103 		and	r3, r3, #1
 329 0028 0093     		str	r3, [sp]
 100:Src/tim.c     ****   /* USER CODE BEGIN TIM1_MspInit 1 */
 330              		.loc 1 100 5 view .LVU90
ARM GAS  C:\Users\Haruka\AppData\Local\Temp\ccT60v0S.s 			page 9


 331 002a 009B     		ldr	r3, [sp]
 332              	.LBE2:
 100:Src/tim.c     ****   /* USER CODE BEGIN TIM1_MspInit 1 */
 333              		.loc 1 100 5 view .LVU91
 334 002c F1E7     		b	.L21
 335              	.L26:
 111:Src/tim.c     **** 
 336              		.loc 1 111 5 view .LVU92
 337              	.LBB3:
 111:Src/tim.c     **** 
 338              		.loc 1 111 5 view .LVU93
 111:Src/tim.c     **** 
 339              		.loc 1 111 5 view .LVU94
 340 002e 03F50E33 		add	r3, r3, #145408
 341 0032 1A6C     		ldr	r2, [r3, #64]
 342 0034 42F00102 		orr	r2, r2, #1
 343 0038 1A64     		str	r2, [r3, #64]
 111:Src/tim.c     **** 
 344              		.loc 1 111 5 view .LVU95
 345 003a 1B6C     		ldr	r3, [r3, #64]
 346 003c 03F00103 		and	r3, r3, #1
 347 0040 0193     		str	r3, [sp, #4]
 111:Src/tim.c     **** 
 348              		.loc 1 111 5 view .LVU96
 349 0042 019B     		ldr	r3, [sp, #4]
 350              	.LBE3:
 111:Src/tim.c     **** 
 351              		.loc 1 111 5 view .LVU97
 114:Src/tim.c     ****     HAL_NVIC_EnableIRQ(TIM2_IRQn);
 352              		.loc 1 114 5 view .LVU98
 353 0044 0022     		movs	r2, #0
 354 0046 0121     		movs	r1, #1
 355 0048 1C20     		movs	r0, #28
 356              	.LVL15:
 114:Src/tim.c     ****     HAL_NVIC_EnableIRQ(TIM2_IRQn);
 357              		.loc 1 114 5 is_stmt 0 view .LVU99
 358 004a FFF7FEFF 		bl	HAL_NVIC_SetPriority
 359              	.LVL16:
 115:Src/tim.c     ****   /* USER CODE BEGIN TIM2_MspInit 1 */
 360              		.loc 1 115 5 is_stmt 1 view .LVU100
 361 004e 1C20     		movs	r0, #28
 362 0050 FFF7FEFF 		bl	HAL_NVIC_EnableIRQ
 363              	.LVL17:
 364              		.loc 1 120 1 is_stmt 0 view .LVU101
 365 0054 DDE7     		b	.L21
 366              	.L28:
 367 0056 00BF     		.align	2
 368              	.L27:
 369 0058 00000140 		.word	1073807360
 370 005c 00380240 		.word	1073887232
 371              		.cfi_endproc
 372              	.LFE143:
 374              		.section	.text.HAL_TIM_Base_MspDeInit,"ax",%progbits
 375              		.align	1
 376              		.global	HAL_TIM_Base_MspDeInit
 377              		.syntax unified
 378              		.thumb
ARM GAS  C:\Users\Haruka\AppData\Local\Temp\ccT60v0S.s 			page 10


 379              		.thumb_func
 380              		.fpu fpv5-d16
 382              	HAL_TIM_Base_MspDeInit:
 383              	.LVL18:
 384              	.LFB144:
 121:Src/tim.c     **** 
 122:Src/tim.c     **** void HAL_TIM_Base_MspDeInit(TIM_HandleTypeDef* tim_baseHandle)
 123:Src/tim.c     **** {
 385              		.loc 1 123 1 is_stmt 1 view -0
 386              		.cfi_startproc
 387              		@ args = 0, pretend = 0, frame = 0
 388              		@ frame_needed = 0, uses_anonymous_args = 0
 389              		.loc 1 123 1 is_stmt 0 view .LVU103
 390 0000 08B5     		push	{r3, lr}
 391              	.LCFI12:
 392              		.cfi_def_cfa_offset 8
 393              		.cfi_offset 3, -8
 394              		.cfi_offset 14, -4
 124:Src/tim.c     **** 
 125:Src/tim.c     ****   if(tim_baseHandle->Instance==TIM1)
 395              		.loc 1 125 3 is_stmt 1 view .LVU104
 396              		.loc 1 125 20 is_stmt 0 view .LVU105
 397 0002 0368     		ldr	r3, [r0]
 398              		.loc 1 125 5 view .LVU106
 399 0004 0B4A     		ldr	r2, .L35
 400 0006 9342     		cmp	r3, r2
 401 0008 03D0     		beq	.L33
 126:Src/tim.c     ****   {
 127:Src/tim.c     ****   /* USER CODE BEGIN TIM1_MspDeInit 0 */
 128:Src/tim.c     **** 
 129:Src/tim.c     ****   /* USER CODE END TIM1_MspDeInit 0 */
 130:Src/tim.c     ****     /* Peripheral clock disable */
 131:Src/tim.c     ****     __HAL_RCC_TIM1_CLK_DISABLE();
 132:Src/tim.c     ****   /* USER CODE BEGIN TIM1_MspDeInit 1 */
 133:Src/tim.c     **** 
 134:Src/tim.c     ****   /* USER CODE END TIM1_MspDeInit 1 */
 135:Src/tim.c     ****   }
 136:Src/tim.c     ****   else if(tim_baseHandle->Instance==TIM2)
 402              		.loc 1 136 8 is_stmt 1 view .LVU107
 403              		.loc 1 136 10 is_stmt 0 view .LVU108
 404 000a B3F1804F 		cmp	r3, #1073741824
 405 000e 07D0     		beq	.L34
 406              	.LVL19:
 407              	.L29:
 137:Src/tim.c     ****   {
 138:Src/tim.c     ****   /* USER CODE BEGIN TIM2_MspDeInit 0 */
 139:Src/tim.c     **** 
 140:Src/tim.c     ****   /* USER CODE END TIM2_MspDeInit 0 */
 141:Src/tim.c     ****     /* Peripheral clock disable */
 142:Src/tim.c     ****     __HAL_RCC_TIM2_CLK_DISABLE();
 143:Src/tim.c     **** 
 144:Src/tim.c     ****     /* TIM2 interrupt Deinit */
 145:Src/tim.c     ****     HAL_NVIC_DisableIRQ(TIM2_IRQn);
 146:Src/tim.c     ****   /* USER CODE BEGIN TIM2_MspDeInit 1 */
 147:Src/tim.c     **** 
 148:Src/tim.c     ****   /* USER CODE END TIM2_MspDeInit 1 */
 149:Src/tim.c     ****   }
ARM GAS  C:\Users\Haruka\AppData\Local\Temp\ccT60v0S.s 			page 11


 150:Src/tim.c     **** } 
 408              		.loc 1 150 1 view .LVU109
 409 0010 08BD     		pop	{r3, pc}
 410              	.LVL20:
 411              	.L33:
 131:Src/tim.c     ****   /* USER CODE BEGIN TIM1_MspDeInit 1 */
 412              		.loc 1 131 5 is_stmt 1 view .LVU110
 413 0012 02F59C32 		add	r2, r2, #79872
 414 0016 536C     		ldr	r3, [r2, #68]
 415 0018 23F00103 		bic	r3, r3, #1
 416 001c 5364     		str	r3, [r2, #68]
 417 001e F7E7     		b	.L29
 418              	.L34:
 142:Src/tim.c     **** 
 419              		.loc 1 142 5 view .LVU111
 420 0020 054A     		ldr	r2, .L35+4
 421 0022 136C     		ldr	r3, [r2, #64]
 422 0024 23F00103 		bic	r3, r3, #1
 423 0028 1364     		str	r3, [r2, #64]
 145:Src/tim.c     ****   /* USER CODE BEGIN TIM2_MspDeInit 1 */
 424              		.loc 1 145 5 view .LVU112
 425 002a 1C20     		movs	r0, #28
 426              	.LVL21:
 145:Src/tim.c     ****   /* USER CODE BEGIN TIM2_MspDeInit 1 */
 427              		.loc 1 145 5 is_stmt 0 view .LVU113
 428 002c FFF7FEFF 		bl	HAL_NVIC_DisableIRQ
 429              	.LVL22:
 430              		.loc 1 150 1 view .LVU114
 431 0030 EEE7     		b	.L29
 432              	.L36:
 433 0032 00BF     		.align	2
 434              	.L35:
 435 0034 00000140 		.word	1073807360
 436 0038 00380240 		.word	1073887232
 437              		.cfi_endproc
 438              	.LFE144:
 440              		.comm	htim2,64,4
 441              		.comm	htim1,64,4
 442              		.text
 443              	.Letext0:
 444              		.file 2 "c:\\vsarm\\armcc\\arm-none-eabi\\include\\machine\\_default_types.h"
 445              		.file 3 "c:\\vsarm\\armcc\\arm-none-eabi\\include\\sys\\_stdint.h"
 446              		.file 4 "Drivers/CMSIS/Include/core_cm7.h"
 447              		.file 5 "Drivers/CMSIS/Device/ST/STM32F7xx/Include/system_stm32f7xx.h"
 448              		.file 6 "Drivers/CMSIS/Device/ST/STM32F7xx/Include/stm32f767xx.h"
 449              		.file 7 "Drivers/STM32F7xx_HAL_Driver/Inc/stm32f7xx_hal_def.h"
 450              		.file 8 "Drivers/STM32F7xx_HAL_Driver/Inc/stm32f7xx_hal_dma.h"
 451              		.file 9 "Drivers/STM32F7xx_HAL_Driver/Inc/stm32f7xx_hal_tim.h"
 452              		.file 10 "Drivers/STM32F7xx_HAL_Driver/Inc/stm32f7xx_hal.h"
 453              		.file 11 "Inc/tim.h"
 454              		.file 12 "Drivers/STM32F7xx_HAL_Driver/Inc/stm32f7xx_hal_cortex.h"
 455              		.file 13 "Drivers/STM32F7xx_HAL_Driver/Inc/stm32f7xx_hal_tim_ex.h"
 456              		.file 14 "Inc/main.h"
ARM GAS  C:\Users\Haruka\AppData\Local\Temp\ccT60v0S.s 			page 12


DEFINED SYMBOLS
                            *ABS*:00000000 tim.c
C:\Users\Haruka\AppData\Local\Temp\ccT60v0S.s:17     .text.MX_TIM1_Init:00000000 $t
C:\Users\Haruka\AppData\Local\Temp\ccT60v0S.s:25     .text.MX_TIM1_Init:00000000 MX_TIM1_Init
C:\Users\Haruka\AppData\Local\Temp\ccT60v0S.s:143    .text.MX_TIM1_Init:00000070 $d
                            *COM*:00000040 htim1
C:\Users\Haruka\AppData\Local\Temp\ccT60v0S.s:149    .text.MX_TIM2_Init:00000000 $t
C:\Users\Haruka\AppData\Local\Temp\ccT60v0S.s:156    .text.MX_TIM2_Init:00000000 MX_TIM2_Init
C:\Users\Haruka\AppData\Local\Temp\ccT60v0S.s:267    .text.MX_TIM2_Init:0000006c $d
                            *COM*:00000040 htim2
C:\Users\Haruka\AppData\Local\Temp\ccT60v0S.s:272    .text.HAL_TIM_Base_MspInit:00000000 $t
C:\Users\Haruka\AppData\Local\Temp\ccT60v0S.s:279    .text.HAL_TIM_Base_MspInit:00000000 HAL_TIM_Base_MspInit
C:\Users\Haruka\AppData\Local\Temp\ccT60v0S.s:369    .text.HAL_TIM_Base_MspInit:00000058 $d
C:\Users\Haruka\AppData\Local\Temp\ccT60v0S.s:375    .text.HAL_TIM_Base_MspDeInit:00000000 $t
C:\Users\Haruka\AppData\Local\Temp\ccT60v0S.s:382    .text.HAL_TIM_Base_MspDeInit:00000000 HAL_TIM_Base_MspDeInit
C:\Users\Haruka\AppData\Local\Temp\ccT60v0S.s:435    .text.HAL_TIM_Base_MspDeInit:00000034 $d

UNDEFINED SYMBOLS
HAL_TIM_Base_Init
HAL_TIM_ConfigClockSource
HAL_TIMEx_MasterConfigSynchronization
Error_Handler
HAL_NVIC_SetPriority
HAL_NVIC_EnableIRQ
HAL_NVIC_DisableIRQ
